<?xml version="1.0" encoding="UTF-8"?>
<!-- Generated by org.testng.reporters.JUnitXMLReporter -->
<testsuite ignored="0" hostname="LAPTOP-96M16F4A" failures="0" tests="7" name="Test" time="172.508" errors="0" timestamp="2025-05-23T16:16:03 WIB">
  <testcase classname="testCases.TC001_LoginTest" name="testLogin" time="7.398"/>
  <testcase classname="testCases.TC002_AddProductToCartTest" name="testAddProductToCart" time="20.501"/>
  <testcase classname="testCases.TC003_AddSearchedProductToCartTest" name="testAddSearchedProductToCart" time="26.924"/>
  <testcase classname="testCases.TC004_CartTotalCalculationTest" name="testCartTotalCalculation" time="11.547"/>
  <testcase classname="testCases.TC005_ModifyCartQuantityTest" name="testModifyCartQuantity" time="17.251"/>
  <testcase classname="testCases.TC006_RemoveProductFromCartTest" name="testRemoveProductFromCar" time="13.622"/>
  <testcase classname="testCases.TC007_EmptyCartTest" name="testEmptyCart" time="13.003"/>
</testsuite> <!-- Test -->
