<?xml version="1.0" encoding="UTF-8"?>
<testng-results ignored="0" total="1" passed="1" failed="0" skipped="0">
  <reporter-output>
  </reporter-output>
  <suite started-at="2025-04-25T21:08:12 WIB" name="Default suite" finished-at="2025-04-25T21:08:43 WIB" duration-ms="31387">
    <groups>
    </groups>
    <test started-at="2025-04-25T21:08:12 WIB" name="Default test" finished-at="2025-04-25T21:08:43 WIB" duration-ms="31387">
      <class name="TaskTest">
        <test-method is-config="true" signature="setUp()[pri:0, instance:TaskTest@15ff3e9e]" started-at="2025-04-25T21:08:12 WIB" name="setUp" finished-at="2025-04-25T21:08:20 WIB" duration-ms="8468" status="PASS">
          <reporter-output>
          </reporter-output>
        </test-method> <!-- setUp -->
        <test-method signature="testTaskOpenWay()[pri:0, instance:TaskTest@15ff3e9e]" started-at="2025-04-25T21:08:20 WIB" name="testTaskOpenWay" finished-at="2025-04-25T21:08:43 WIB" duration-ms="22534" status="PASS">
          <reporter-output>
          </reporter-output>
        </test-method> <!-- testTaskOpenWay -->
        <test-method is-config="true" signature="tearDown()[pri:0, instance:TaskTest@15ff3e9e]" started-at="2025-04-25T21:08:43 WIB" name="tearDown" finished-at="2025-04-25T21:08:43 WIB" duration-ms="323" status="PASS">
          <reporter-output>
          </reporter-output>
        </test-method> <!-- tearDown -->
      </class> <!-- TaskTest -->
    </test> <!-- Default test -->
  </suite> <!-- Default suite -->
</testng-results>
